2025-03-15 13:25:37.156 |       INFO       | bittensor:dashboard.py:54 | Running validator for subnet: 68 on network: finney with config:
2025-03-15 13:25:37.158 |       INFO       | bittensor:dashboard.py:55 | subtensor:
  network: finney
  chain_endpoint: wss://entrypoint-finney.opentensor.ai:443
  _mock: false
config: false
strict: false
no_version_checking: false
netuid: 68
network: wss://archive.chain.opentensor.ai:443
epoch_length: 360
record_log: true
logging_dir: /root/nova/neurons
2025-03-15 13:25:37.161 |      DEBUG       | bittensor:async_subtensor.py:129 | Connecting to network: [34marchive[0m, chain_endpoint: [34mwss://archive.chain.opentensor.ai:443[0m...
2025-03-15 13:25:37.194 |       INFO       | bittensor:async_subtensor.py:152 | [35mConnecting to Substrate:[0m [34mNetwork: archive, Chain: wss://archive.chain.opentensor.ai:443[0m[35m...[0m
2025-03-15 13:25:40.789 |      DEBUG       | bittensor:dashboard.py:245 | Found 256 nodes in network
2025-03-15 13:25:40.917 |       INFO       | bittensor:dashboard.py:372 | Waiting for epoch to end... 40 blocks remaining.
2025-03-15 13:25:43.134 |      DEBUG       | bittensor:dashboard.py:245 | Found 256 nodes in network
2025-03-15 13:25:43.262 |       INFO       | bittensor:dashboard.py:372 | Waiting for epoch to end... 40 blocks remaining.
2025-03-15 13:25:45.480 |      DEBUG       | bittensor:dashboard.py:245 | Found 256 nodes in network
2025-03-15 13:25:45.607 |       INFO       | bittensor:dashboard.py:372 | Waiting for epoch to end... 40 blocks remaining.
2025-03-15 13:25:47.827 |      DEBUG       | bittensor:dashboard.py:245 | Found 256 nodes in network
2025-03-15 13:25:47.953 |       INFO       | bittensor:dashboard.py:372 | Waiting for epoch to end... 40 blocks remaining.
2025-03-15 13:25:50.552 |      DEBUG       | bittensor:dashboard.py:245 | Found 256 nodes in network
2025-03-15 13:25:50.679 |       INFO       | bittensor:dashboard.py:372 | Waiting for epoch to end... 39 blocks remaining.
2025-03-15 13:25:52.902 |      DEBUG       | bittensor:dashboard.py:245 | Found 256 nodes in network
2025-03-15 13:25:53.030 |       INFO       | bittensor:dashboard.py:372 | Waiting for epoch to end... 39 blocks remaining.
2025-03-15 13:25:55.259 |      DEBUG       | bittensor:dashboard.py:245 | Found 256 nodes in network
2025-03-15 13:25:55.386 |       INFO       | bittensor:dashboard.py:372 | Waiting for epoch to end... 39 blocks remaining.
2025-03-15 13:25:57.602 |      DEBUG       | bittensor:dashboard.py:245 | Found 256 nodes in network
2025-03-15 13:25:57.729 |       INFO       | bittensor:dashboard.py:372 | Waiting for epoch to end... 39 blocks remaining.
2025-03-15 13:25:59.950 |      DEBUG       | bittensor:dashboard.py:245 | Found 256 nodes in network
2025-03-15 13:26:00.077 |       INFO       | bittensor:dashboard.py:372 | Waiting for epoch to end... 39 blocks remaining.
2025-03-15 13:26:02.678 |      DEBUG       | bittensor:dashboard.py:245 | Found 256 nodes in network
2025-03-15 13:26:02.805 |       INFO       | bittensor:dashboard.py:372 | Waiting for epoch to end... 38 blocks remaining.
2025-03-15 13:26:05.036 |      DEBUG       | bittensor:dashboard.py:245 | Found 256 nodes in network
2025-03-15 13:26:05.164 |       INFO       | bittensor:dashboard.py:372 | Waiting for epoch to end... 38 blocks remaining.
2025-03-15 13:26:07.390 |      DEBUG       | bittensor:dashboard.py:245 | Found 256 nodes in network
2025-03-15 13:26:07.517 |       INFO       | bittensor:dashboard.py:372 | Waiting for epoch to end... 38 blocks remaining.
2025-03-15 13:26:09.740 |      DEBUG       | bittensor:dashboard.py:245 | Found 256 nodes in network
2025-03-15 13:26:09.868 |       INFO       | bittensor:dashboard.py:372 | Waiting for epoch to end... 38 blocks remaining.
2025-03-15 13:26:12.088 |      DEBUG       | bittensor:dashboard.py:245 | Found 256 nodes in network
2025-03-15 13:26:12.215 |       INFO       | bittensor:dashboard.py:372 | Waiting for epoch to end... 38 blocks remaining.
2025-03-15 13:26:14.824 |      DEBUG       | bittensor:dashboard.py:245 | Found 256 nodes in network
2025-03-15 13:26:14.959 |       INFO       | bittensor:dashboard.py:372 | Waiting for epoch to end... 37 blocks remaining.
2025-03-15 13:26:17.178 |      DEBUG       | bittensor:dashboard.py:245 | Found 256 nodes in network
2025-03-15 13:26:17.306 |       INFO       | bittensor:dashboard.py:372 | Waiting for epoch to end... 37 blocks remaining.
2025-03-15 13:26:19.529 |      DEBUG       | bittensor:dashboard.py:245 | Found 256 nodes in network
2025-03-15 13:26:19.657 |       INFO       | bittensor:dashboard.py:372 | Waiting for epoch to end... 37 blocks remaining.
2025-03-15 13:26:21.874 |      DEBUG       | bittensor:dashboard.py:245 | Found 256 nodes in network
2025-03-15 13:26:22.002 |       INFO       | bittensor:dashboard.py:372 | Waiting for epoch to end... 37 blocks remaining.
2025-03-15 13:26:24.195 |      DEBUG       | bittensor:dashboard.py:245 | Found 256 nodes in network
2025-03-15 13:26:24.323 |       INFO       | bittensor:dashboard.py:372 | Waiting for epoch to end... 37 blocks remaining.
2025-03-15 13:26:26.949 |      DEBUG       | bittensor:dashboard.py:245 | Found 256 nodes in network
2025-03-15 13:26:27.076 |       INFO       | bittensor:dashboard.py:372 | Waiting for epoch to end... 36 blocks remaining.
2025-03-15 13:26:29.298 |      DEBUG       | bittensor:dashboard.py:245 | Found 256 nodes in network
2025-03-15 13:26:29.426 |       INFO       | bittensor:dashboard.py:372 | Waiting for epoch to end... 36 blocks remaining.
2025-03-15 13:26:31.655 |      DEBUG       | bittensor:dashboard.py:245 | Found 256 nodes in network
2025-03-15 13:26:31.782 |       INFO       | bittensor:dashboard.py:372 | Waiting for epoch to end... 36 blocks remaining.
2025-03-15 13:26:33.999 |      DEBUG       | bittensor:dashboard.py:245 | Found 256 nodes in network
2025-03-15 13:26:34.127 |       INFO       | bittensor:dashboard.py:372 | Waiting for epoch to end... 36 blocks remaining.
2025-03-15 13:26:36.343 |      DEBUG       | bittensor:dashboard.py:245 | Found 256 nodes in network
2025-03-15 13:26:36.470 |       INFO       | bittensor:dashboard.py:372 | Waiting for epoch to end... 36 blocks remaining.
2025-03-15 13:26:39.077 |      DEBUG       | bittensor:dashboard.py:245 | Found 256 nodes in network
2025-03-15 13:26:39.204 |       INFO       | bittensor:dashboard.py:372 | Waiting for epoch to end... 35 blocks remaining.
2025-03-15 13:26:41.423 |      DEBUG       | bittensor:dashboard.py:245 | Found 256 nodes in network
2025-03-15 13:26:41.551 |       INFO       | bittensor:dashboard.py:372 | Waiting for epoch to end... 35 blocks remaining.
2025-03-15 13:26:43.768 |      DEBUG       | bittensor:dashboard.py:245 | Found 256 nodes in network
2025-03-15 13:26:43.895 |       INFO       | bittensor:dashboard.py:372 | Waiting for epoch to end... 35 blocks remaining.
